0 info it worked if it ends with ok
1 verbose cli [ 'C:\\Program Files (x86)\\nodejs\\node.exe',
1 verbose cli   'C:\\Program Files (x86)\\nodejs\\node_modules\\npm\\bin\\npm-cli.js',
1 verbose cli   'run',
1 verbose cli   'example' ]
2 info using npm@2.14.7
3 info using node@v4.2.3
4 verbose run-script [ 'preexample', 'example', 'postexample' ]
5 info preexample protractor-http-mock@0.2.0
6 info example protractor-http-mock@0.2.0
7 verbose unsafe-perm in lifecycle true
8 info protractor-http-mock@0.2.0 Failed to exec example script
9 verbose stack Error: protractor-http-mock@0.2.0 example: `grunt example`
9 verbose stack Exit status 3
9 verbose stack     at EventEmitter.<anonymous> (C:\Program Files (x86)\nodejs\node_modules\npm\lib\utils\lifecycle.js:214:16)
9 verbose stack     at emitTwo (events.js:87:13)
9 verbose stack     at EventEmitter.emit (events.js:172:7)
9 verbose stack     at ChildProcess.<anonymous> (C:\Program Files (x86)\nodejs\node_modules\npm\lib\utils\spawn.js:24:14)
9 verbose stack     at emitTwo (events.js:87:13)
9 verbose stack     at ChildProcess.emit (events.js:172:7)
9 verbose stack     at maybeClose (internal/child_process.js:818:16)
9 verbose stack     at Process.ChildProcess._handle.onexit (internal/child_process.js:211:5)
10 verbose pkgid protractor-http-mock@0.2.0
11 verbose cwd C:\Users\mdjimera\data-prep\dataprep-webapp\talend-protractor-http-mock
12 error Windows_NT 6.1.7601
13 error argv "C:\\Program Files (x86)\\nodejs\\node.exe" "C:\\Program Files (x86)\\nodejs\\node_modules\\npm\\bin\\npm-cli.js" "run" "example"
14 error node v4.2.3
15 error npm  v2.14.7
16 error code ELIFECYCLE
17 error protractor-http-mock@0.2.0 example: `grunt example`
17 error Exit status 3
18 error Failed at the protractor-http-mock@0.2.0 example script 'grunt example'.
18 error This is most likely a problem with the protractor-http-mock package,
18 error not with npm itself.
18 error Tell the author that this fails on your system:
18 error     grunt example
18 error You can get their info via:
18 error     npm owner ls protractor-http-mock
18 error There is likely additional logging output above.
19 verbose exit [ 1, true ]
