0 info it worked if it ends with ok
1 verbose cli [ '/usr/local/bin/node',
1 verbose cli   '/usr/local/bin/npm',
1 verbose cli   'install',
1 verbose cli   'browser-sync' ]
2 info using npm@1.4.28
3 info using node@v0.10.36
4 warn package.json karma-coverage@0.2.7 No README data
5 warn package.json karma-phantomjs-launcher@0.1.4 No README data
6 verbose readDependencies using package.json deps
7 verbose cache add [ 'browser-sync', null ]
8 verbose cache add name=undefined spec="browser-sync" args=["browser-sync",null]
9 verbose parsed url { protocol: null,
9 verbose parsed url   slashes: null,
9 verbose parsed url   auth: null,
9 verbose parsed url   host: null,
9 verbose parsed url   port: null,
9 verbose parsed url   hostname: null,
9 verbose parsed url   hash: null,
9 verbose parsed url   search: null,
9 verbose parsed url   query: null,
9 verbose parsed url   pathname: 'browser-sync',
9 verbose parsed url   path: 'browser-sync',
9 verbose parsed url   href: 'browser-sync' }
10 silly lockFile 6d7be3df-browser-sync browser-sync
11 verbose lock browser-sync /home/amaalej/.npm/6d7be3df-browser-sync.lock
12 silly lockFile 6d7be3df-browser-sync browser-sync
13 silly lockFile 6d7be3df-browser-sync browser-sync
14 verbose addNamed [ 'browser-sync', '' ]
15 verbose addNamed [ null, '*' ]
16 silly lockFile 6373e9ab-browser-sync browser-sync@
17 verbose lock browser-sync@ /home/amaalej/.npm/6373e9ab-browser-sync.lock
18 silly addNameRange { name: 'browser-sync', range: '*', hasData: false }
19 verbose request where is /browser-sync
20 verbose request registry https://registry.npmjs.org/
21 verbose request id ab40b15f4fc22c7d
22 verbose url raw /browser-sync
23 verbose url resolving [ 'https://registry.npmjs.org/', './browser-sync' ]
24 verbose url resolved https://registry.npmjs.org/browser-sync
25 verbose request where is https://registry.npmjs.org/browser-sync
26 info trying registry request attempt 1 at 11:19:20
27 verbose etag "49AM0SUTL3O9F0PFDE3G1RYD8"
28 http GET https://registry.npmjs.org/browser-sync
29 http 304 https://registry.npmjs.org/browser-sync
30 silly registry.get cb [ 304,
30 silly registry.get   { date: 'Tue, 19 May 2015 09:19:20 GMT',
30 silly registry.get     via: '1.1 varnish',
30 silly registry.get     'cache-control': 'max-age=60',
30 silly registry.get     etag: '"49AM0SUTL3O9F0PFDE3G1RYD8"',
30 silly registry.get     age: '17',
30 silly registry.get     connection: 'keep-alive',
30 silly registry.get     'x-served-by': 'cache-ams4133-AMS',
30 silly registry.get     'x-cache': 'HIT',
30 silly registry.get     'x-cache-hits': '1',
30 silly registry.get     'x-timer': 'S1432027160.731256,VS0,VE1',
30 silly registry.get     vary: 'Accept' } ]
31 verbose etag https://registry.npmjs.org/browser-sync from cache
32 silly addNameRange number 2 { name: 'browser-sync', range: '*', hasData: true }
33 silly addNameRange versions [ 'browser-sync',
33 silly addNameRange   [ '0.1.0',
33 silly addNameRange     '0.1.1',
33 silly addNameRange     '0.1.3',
33 silly addNameRange     '0.1.5',
33 silly addNameRange     '0.1.6',
33 silly addNameRange     '0.1.7',
33 silly addNameRange     '0.1.8',
33 silly addNameRange     '0.1.9',
33 silly addNameRange     '0.1.10',
33 silly addNameRange     '0.2.0',
33 silly addNameRange     '0.2.1',
33 silly addNameRange     '0.3.0',
33 silly addNameRange     '0.3.1',
33 silly addNameRange     '0.3.2',
33 silly addNameRange     '0.3.3',
33 silly addNameRange     '0.3.4',
33 silly addNameRange     '0.3.5',
33 silly addNameRange     '0.3.6',
33 silly addNameRange     '0.3.7',
33 silly addNameRange     '0.3.8',
33 silly addNameRange     '0.3.10',
33 silly addNameRange     '0.4.0',
33 silly addNameRange     '0.4.1',
33 silly addNameRange     '0.4.2',
33 silly addNameRange     '0.4.21',
33 silly addNameRange     '0.4.3',
33 silly addNameRange     '0.4.4',
33 silly addNameRange     '0.4.5',
33 silly addNameRange     '0.4.6',
33 silly addNameRange     '0.4.7',
33 silly addNameRange     '0.4.8',
33 silly addNameRange     '0.4.9',
33 silly addNameRange     '0.4.10',
33 silly addNameRange     '0.4.11',
33 silly addNameRange     '0.4.12',
33 silly addNameRange     '0.5.0',
33 silly addNameRange     '0.5.1',
33 silly addNameRange     '0.5.2',
33 silly addNameRange     '0.5.3',
33 silly addNameRange     '0.5.4',
33 silly addNameRange     '0.5.5',
33 silly addNameRange     '0.5.6',
33 silly addNameRange     '0.5.7',
33 silly addNameRange     '0.5.8',
33 silly addNameRange     '0.5.9',
33 silly addNameRange     '0.6.0',
33 silly addNameRange     '0.6.1',
33 silly addNameRange     '0.6.2',
33 silly addNameRange     '0.7.0',
33 silly addNameRange     '0.7.1',
33 silly addNameRange     '0.7.2',
33 silly addNameRange     '0.7.3',
33 silly addNameRange     '0.7.4',
33 silly addNameRange     '0.7.5',
33 silly addNameRange     '0.7.7',
33 silly addNameRange     '0.8.0',
33 silly addNameRange     '0.8.1',
33 silly addNameRange     '0.8.2',
33 silly addNameRange     '0.9.0',
33 silly addNameRange     '0.9.1',
33 silly addNameRange     '1.0.0',
33 silly addNameRange     '1.1.0',
33 silly addNameRange     '1.1.1',
33 silly addNameRange     '1.1.2',
33 silly addNameRange     '1.2.0',
33 silly addNameRange     '1.2.1',
33 silly addNameRange     '1.3.0',
33 silly addNameRange     '1.3.2',
33 silly addNameRange     '1.3.3',
33 silly addNameRange     '1.3.4',
33 silly addNameRange     '1.3.5',
33 silly addNameRange     '1.3.6',
33 silly addNameRange     '1.3.7',
33 silly addNameRange     '1.5.0',
33 silly addNameRange     '1.5.1',
33 silly addNameRange     '1.5.2',
33 silly addNameRange     '1.5.3',
33 silly addNameRange     '1.5.4',
33 silly addNameRange     '1.5.5',
33 silly addNameRange     '1.5.6',
33 silly addNameRange     '1.5.7',
33 silly addNameRange     '1.5.8',
33 silly addNameRange     '1.5.9',
33 silly addNameRange     '1.6.0',
33 silly addNameRange     '1.6.1',
33 silly addNameRange     '1.6.2',
33 silly addNameRange     '1.6.3',
33 silly addNameRange     '1.6.4',
33 silly addNameRange     '1.6.5',
33 silly addNameRange     '1.7.0',
33 silly addNameRange     '1.7.1',
33 silly addNameRange     '1.7.2',
33 silly addNameRange     '1.7.3',
33 silly addNameRange     '1.8.0',
33 silly addNameRange     '1.8.1',
33 silly addNameRange     '1.8.2',
33 silly addNameRange     '1.8.3',
33 silly addNameRange     '1.9.0',
33 silly addNameRange     '1.9.1',
33 silly addNameRange     '2.0.0-rc1',
33 silly addNameRange     '2.0.0-rc2',
33 silly addNameRange     '2.0.0-rc3',
33 silly addNameRange     '2.0.0-rc4',
33 silly addNameRange     '2.0.0-rc5',
33 silly addNameRange     '2.0.0-rc6',
33 silly addNameRange     '2.0.0-rc7',
33 silly addNameRange     '2.0.0-rc8',
33 silly addNameRange     '2.0.0-rc9',
33 silly addNameRange     '2.0.0-rc10',
33 silly addNameRange     '2.0.0',
33 silly addNameRange     '2.0.1',
33 silly addNameRange     '2.1.0',
33 silly addNameRange     '2.1.1',
33 silly addNameRange     '2.1.2',
33 silly addNameRange     '2.1.3',
33 silly addNameRange     '2.1.4',
33 silly addNameRange     '2.1.6',
33 silly addNameRange     '2.2.0',
33 silly addNameRange     '2.2.1',
33 silly addNameRange     '2.2.2',
33 silly addNameRange     '2.2.3',
33 silly addNameRange     '2.2.4',
33 silly addNameRange     '2.2.5',
33 silly addNameRange     '2.3.0',
33 silly addNameRange     '2.3.1',
33 silly addNameRange     '2.3.2',
33 silly addNameRange     '2.4.0',
33 silly addNameRange     '2.4.1',
33 silly addNameRange     '2.5.0',
33 silly addNameRange     '2.5.1',
33 silly addNameRange     '2.5.2',
33 silly addNameRange     '2.5.3',
33 silly addNameRange     '2.6.0',
33 silly addNameRange     '2.6.1',
33 silly addNameRange     '2.6.2',
33 silly addNameRange     '2.6.3',
33 silly addNameRange     '2.6.4',
33 silly addNameRange     '2.6.5',
33 silly addNameRange     '2.6.6',
33 silly addNameRange     '1.9.2',
33 silly addNameRange     '2.6.7',
33 silly addNameRange     '2.6.8',
33 silly addNameRange     '2.6.9',
33 silly addNameRange     '2.6.10',
33 silly addNameRange     '2.6.11',
33 silly addNameRange     '2.7.0',
33 silly addNameRange     '2.7.1' ] ]
34 verbose addNamed [ 'browser-sync', '2.7.1' ]
35 verbose addNamed [ '2.7.1', '2.7.1' ]
36 silly lockFile 8d966276-browser-sync-2-7-1 browser-sync@2.7.1
37 verbose lock browser-sync@2.7.1 /home/amaalej/.npm/8d966276-browser-sync-2-7-1.lock
38 silly lockFile e8168cab-wser-sync-browser-sync-2-7-1-tgz https://registry.npmjs.org/browser-sync/-/browser-sync-2.7.1.tgz
39 verbose lock https://registry.npmjs.org/browser-sync/-/browser-sync-2.7.1.tgz /home/amaalej/.npm/e8168cab-wser-sync-browser-sync-2-7-1-tgz.lock
40 verbose addRemoteTarball [ 'https://registry.npmjs.org/browser-sync/-/browser-sync-2.7.1.tgz',
40 verbose addRemoteTarball   '7a6487983d99778b63b11913584dabe93d61d33a' ]
41 info retry fetch attempt 1 at 11:19:20
42 verbose fetch to= /tmp/npm-27080-Mb0MwhuX/registry.npmjs.org/browser-sync/-/browser-sync-2.7.1.tgz
43 http GET https://registry.npmjs.org/browser-sync/-/browser-sync-2.7.1.tgz
44 http 200 https://registry.npmjs.org/browser-sync/-/browser-sync-2.7.1.tgz
45 silly lockFile e8168cab-wser-sync-browser-sync-2-7-1-tgz https://registry.npmjs.org/browser-sync/-/browser-sync-2.7.1.tgz
46 silly lockFile e8168cab-wser-sync-browser-sync-2-7-1-tgz https://registry.npmjs.org/browser-sync/-/browser-sync-2.7.1.tgz
47 silly lockFile 8d966276-browser-sync-2-7-1 browser-sync@2.7.1
48 silly lockFile 8d966276-browser-sync-2-7-1 browser-sync@2.7.1
49 silly lockFile 6373e9ab-browser-sync browser-sync@
50 silly lockFile 6373e9ab-browser-sync browser-sync@
51 error Error: EACCES, mkdir '/home/amaalej/.npm/browser-sync/2.7.1'
51 error  { [Error: EACCES, mkdir '/home/amaalej/.npm/browser-sync/2.7.1']
51 error   errno: 3,
51 error   code: 'EACCES',
51 error   path: '/home/amaalej/.npm/browser-sync/2.7.1',
51 error   parent: 'data-prep' }
52 error Please try running this command again as root/Administrator.
53 error System Linux 3.13.0-24-generic
54 error command "/usr/local/bin/node" "/usr/local/bin/npm" "install" "browser-sync"
55 error cwd /home/amaalej/Bureau/code/data-prep/dataprep-webapp
56 error node -v v0.10.36
57 error npm -v 1.4.28
58 error path /home/amaalej/.npm/browser-sync/2.7.1
59 error code EACCES
60 error errno 3
61 error stack Error: EACCES, mkdir '/home/amaalej/.npm/browser-sync/2.7.1'
62 verbose exit [ 3, true ]
